<?xml version="1.0" encoding="UTF-8"?>
<testng-results skipped="0" failed="0" total="1" passed="1">
  <reporter-output>
  </reporter-output>
  <suite name="Default suite" duration-ms="65709" started-at="2020-04-19T11:53:37Z" finished-at="2020-04-19T11:54:42Z">
    <groups>
    </groups>
    <test name="Default test" duration-ms="65709" started-at="2020-04-19T11:53:37Z" finished-at="2020-04-19T11:54:42Z">
      <class name="test_login.Login_Test">
        <test-method status="PASS" signature="setup()[pri:0, instance:test_login.Login_Test@5d740a0f]" name="setup" is-config="true" duration-ms="12317" started-at="2020-04-19T17:23:37Z" finished-at="2020-04-19T17:23:49Z">
          <reporter-output>
          </reporter-output>
        </test-method> <!-- setup -->
        <test-method status="PASS" signature="logintest()[pri:0, instance:test_login.Login_Test@5d740a0f]" name="logintest" duration-ms="51896" started-at="2020-04-19T17:23:49Z" finished-at="2020-04-19T17:24:41Z">
          <reporter-output>
          </reporter-output>
        </test-method> <!-- logintest -->
        <test-method status="PASS" signature="teardown()[pri:0, instance:test_login.Login_Test@5d740a0f]" name="teardown" is-config="true" duration-ms="1443" started-at="2020-04-19T17:24:41Z" finished-at="2020-04-19T17:24:42Z">
          <reporter-output>
          </reporter-output>
        </test-method> <!-- teardown -->
      </class> <!-- test_login.Login_Test -->
    </test> <!-- Default test -->
  </suite> <!-- Default suite -->
</testng-results>
